

Started GET "/" for 127.0.0.1 at 2015-05-30 11:46:20 +0200

ActiveRecord::PendingMigrationError - 

Migrations are pending. To resolve this issue, run:

	bin/rake db:migrate RAILS_ENV=development

:
  activerecord (4.2.0) lib/active_record/migration.rb:393:in `check_pending!'
  activerecord (4.2.0) lib/active_record/migration.rb:374:in `call'
  actionpack (4.2.0) lib/action_dispatch/middleware/callbacks.rb:29:in `block in call'
  activesupport (4.2.0) lib/active_support/callbacks.rb:88:in `_run_callbacks'
  activesupport (4.2.0) lib/active_support/callbacks.rb:734:in `_run_call_callbacks'
  activesupport (4.2.0) lib/active_support/callbacks.rb:81:in `run_callbacks'
  actionpack (4.2.0) lib/action_dispatch/middleware/callbacks.rb:27:in `call'
  actionpack (4.2.0) lib/action_dispatch/middleware/reloader.rb:73:in `call'
  actionpack (4.2.0) lib/action_dispatch/middleware/remote_ip.rb:78:in `call'
  better_errors (2.1.0) lib/better_errors/middleware.rb:84:in `protected_app_call'
  better_errors (2.1.0) lib/better_errors/middleware.rb:79:in `better_errors_call'
  better_errors (2.1.0) lib/better_errors/middleware.rb:57:in `call'
  web-console (2.0.0) lib/action_dispatch/debug_exceptions.rb:18:in `middleware_call'
  web-console (2.0.0) lib/action_dispatch/debug_exceptions.rb:13:in `call'
  actionpack (4.2.0) lib/action_dispatch/middleware/show_exceptions.rb:30:in `call'
  railties (4.2.0) lib/rails/rack/logger.rb:38:in `call_app'
  railties (4.2.0) lib/rails/rack/logger.rb:20:in `block in call'
  activesupport (4.2.0) lib/active_support/tagged_logging.rb:68:in `block in tagged'
  activesupport (4.2.0) lib/active_support/tagged_logging.rb:26:in `tagged'
  activesupport (4.2.0) lib/active_support/tagged_logging.rb:68:in `tagged'
  railties (4.2.0) lib/rails/rack/logger.rb:20:in `call'
  quiet_assets (1.1.0) lib/quiet_assets.rb:27:in `call_with_quiet_assets'
  actionpack (4.2.0) lib/action_dispatch/middleware/request_id.rb:21:in `call'
  rack (1.6.0) lib/rack/methodoverride.rb:22:in `call'
  rack (1.6.0) lib/rack/runtime.rb:18:in `call'
  activesupport (4.2.0) lib/active_support/cache/strategy/local_cache_middleware.rb:28:in `call'
  rack (1.6.0) lib/rack/lock.rb:17:in `call'
  actionpack (4.2.0) lib/action_dispatch/middleware/static.rb:113:in `call'
  rack (1.6.0) lib/rack/sendfile.rb:113:in `call'
  railties (4.2.0) lib/rails/engine.rb:518:in `call'
  railties (4.2.0) lib/rails/application.rb:164:in `call'
  rack (1.6.0) lib/rack/lock.rb:17:in `call'
  rack (1.6.0) lib/rack/content_length.rb:15:in `call'
  rack (1.6.0) lib/rack/handler/webrick.rb:89:in `service'
  /usr/lib/ruby/2.1.0/webrick/httpserver.rb:138:in `service'
  /usr/lib/ruby/2.1.0/webrick/httpserver.rb:94:in `run'
  /usr/lib/ruby/2.1.0/webrick/server.rb:295:in `block in start_thread'



Started POST "/__better_errors/0dfaadf2ed702e12/variables" for 127.0.0.1 at 2015-05-30 11:46:20 +0200


Started GET "/posts/" for 127.0.0.1 at 2015-05-30 11:46:26 +0200

ActiveRecord::PendingMigrationError - 

Migrations are pending. To resolve this issue, run:

	bin/rake db:migrate RAILS_ENV=development

:
  activerecord (4.2.0) lib/active_record/migration.rb:393:in `check_pending!'
  activerecord (4.2.0) lib/active_record/migration.rb:374:in `call'
  actionpack (4.2.0) lib/action_dispatch/middleware/callbacks.rb:29:in `block in call'
  activesupport (4.2.0) lib/active_support/callbacks.rb:88:in `_run_callbacks'
  activesupport (4.2.0) lib/active_support/callbacks.rb:734:in `_run_call_callbacks'
  activesupport (4.2.0) lib/active_support/callbacks.rb:81:in `run_callbacks'
  actionpack (4.2.0) lib/action_dispatch/middleware/callbacks.rb:27:in `call'
  actionpack (4.2.0) lib/action_dispatch/middleware/reloader.rb:73:in `call'
  actionpack (4.2.0) lib/action_dispatch/middleware/remote_ip.rb:78:in `call'
  better_errors (2.1.0) lib/better_errors/middleware.rb:84:in `protected_app_call'
  better_errors (2.1.0) lib/better_errors/middleware.rb:79:in `better_errors_call'
  better_errors (2.1.0) lib/better_errors/middleware.rb:57:in `call'
  web-console (2.0.0) lib/action_dispatch/debug_exceptions.rb:18:in `middleware_call'
  web-console (2.0.0) lib/action_dispatch/debug_exceptions.rb:13:in `call'
  actionpack (4.2.0) lib/action_dispatch/middleware/show_exceptions.rb:30:in `call'
  railties (4.2.0) lib/rails/rack/logger.rb:38:in `call_app'
  railties (4.2.0) lib/rails/rack/logger.rb:20:in `block in call'
  activesupport (4.2.0) lib/active_support/tagged_logging.rb:68:in `block in tagged'
  activesupport (4.2.0) lib/active_support/tagged_logging.rb:26:in `tagged'
  activesupport (4.2.0) lib/active_support/tagged_logging.rb:68:in `tagged'
  railties (4.2.0) lib/rails/rack/logger.rb:20:in `call'
  quiet_assets (1.1.0) lib/quiet_assets.rb:27:in `call_with_quiet_assets'
  actionpack (4.2.0) lib/action_dispatch/middleware/request_id.rb:21:in `call'
  rack (1.6.0) lib/rack/methodoverride.rb:22:in `call'
  rack (1.6.0) lib/rack/runtime.rb:18:in `call'
  activesupport (4.2.0) lib/active_support/cache/strategy/local_cache_middleware.rb:28:in `call'
  rack (1.6.0) lib/rack/lock.rb:17:in `call'
  actionpack (4.2.0) lib/action_dispatch/middleware/static.rb:113:in `call'
  rack (1.6.0) lib/rack/sendfile.rb:113:in `call'
  railties (4.2.0) lib/rails/engine.rb:518:in `call'
  railties (4.2.0) lib/rails/application.rb:164:in `call'
  rack (1.6.0) lib/rack/lock.rb:17:in `call'
  rack (1.6.0) lib/rack/content_length.rb:15:in `call'
  rack (1.6.0) lib/rack/handler/webrick.rb:89:in `service'
  /usr/lib/ruby/2.1.0/webrick/httpserver.rb:138:in `service'
  /usr/lib/ruby/2.1.0/webrick/httpserver.rb:94:in `run'
  /usr/lib/ruby/2.1.0/webrick/server.rb:295:in `block in start_thread'



Started POST "/__better_errors/c7113cca9d3dd26f/variables" for 127.0.0.1 at 2015-05-30 11:46:27 +0200


Started GET "/" for 127.0.0.1 at 2015-05-30 11:46:35 +0200

ActiveRecord::PendingMigrationError - 

Migrations are pending. To resolve this issue, run:

	bin/rake db:migrate RAILS_ENV=development

:
  activerecord (4.2.0) lib/active_record/migration.rb:393:in `check_pending!'
  activerecord (4.2.0) lib/active_record/migration.rb:374:in `call'
  actionpack (4.2.0) lib/action_dispatch/middleware/callbacks.rb:29:in `block in call'
  activesupport (4.2.0) lib/active_support/callbacks.rb:88:in `_run_callbacks'
  activesupport (4.2.0) lib/active_support/callbacks.rb:734:in `_run_call_callbacks'
  activesupport (4.2.0) lib/active_support/callbacks.rb:81:in `run_callbacks'
  actionpack (4.2.0) lib/action_dispatch/middleware/callbacks.rb:27:in `call'
  actionpack (4.2.0) lib/action_dispatch/middleware/reloader.rb:73:in `call'
  actionpack (4.2.0) lib/action_dispatch/middleware/remote_ip.rb:78:in `call'
  better_errors (2.1.0) lib/better_errors/middleware.rb:84:in `protected_app_call'
  better_errors (2.1.0) lib/better_errors/middleware.rb:79:in `better_errors_call'
  better_errors (2.1.0) lib/better_errors/middleware.rb:57:in `call'
  web-console (2.0.0) lib/action_dispatch/debug_exceptions.rb:18:in `middleware_call'
  web-console (2.0.0) lib/action_dispatch/debug_exceptions.rb:13:in `call'
  actionpack (4.2.0) lib/action_dispatch/middleware/show_exceptions.rb:30:in `call'
  railties (4.2.0) lib/rails/rack/logger.rb:38:in `call_app'
  railties (4.2.0) lib/rails/rack/logger.rb:20:in `block in call'
  activesupport (4.2.0) lib/active_support/tagged_logging.rb:68:in `block in tagged'
  activesupport (4.2.0) lib/active_support/tagged_logging.rb:26:in `tagged'
  activesupport (4.2.0) lib/active_support/tagged_logging.rb:68:in `tagged'
  railties (4.2.0) lib/rails/rack/logger.rb:20:in `call'
  quiet_assets (1.1.0) lib/quiet_assets.rb:27:in `call_with_quiet_assets'
  actionpack (4.2.0) lib/action_dispatch/middleware/request_id.rb:21:in `call'
  rack (1.6.0) lib/rack/methodoverride.rb:22:in `call'
  rack (1.6.0) lib/rack/runtime.rb:18:in `call'
  activesupport (4.2.0) lib/active_support/cache/strategy/local_cache_middleware.rb:28:in `call'
  rack (1.6.0) lib/rack/lock.rb:17:in `call'
  actionpack (4.2.0) lib/action_dispatch/middleware/static.rb:113:in `call'
  rack (1.6.0) lib/rack/sendfile.rb:113:in `call'
  railties (4.2.0) lib/rails/engine.rb:518:in `call'
  railties (4.2.0) lib/rails/application.rb:164:in `call'
  rack (1.6.0) lib/rack/lock.rb:17:in `call'
  rack (1.6.0) lib/rack/content_length.rb:15:in `call'
  rack (1.6.0) lib/rack/handler/webrick.rb:89:in `service'
  /usr/lib/ruby/2.1.0/webrick/httpserver.rb:138:in `service'
  /usr/lib/ruby/2.1.0/webrick/httpserver.rb:94:in `run'
  /usr/lib/ruby/2.1.0/webrick/server.rb:295:in `block in start_thread'



Started POST "/__better_errors/890d564fa8832fa1/variables" for 127.0.0.1 at 2015-05-30 11:46:35 +0200
  [1m[36m (72.5ms)[0m  [1mCREATE TABLE "schema_migrations" ("version" varchar NOT NULL) [0m
  [1m[35m (0.2ms)[0m  select sqlite_version(*)
  [1m[36m (74.4ms)[0m  [1mCREATE UNIQUE INDEX "unique_schema_migrations" ON "schema_migrations" ("version")[0m
  [1m[35mActiveRecord::SchemaMigration Load (0.3ms)[0m  SELECT "schema_migrations".* FROM "schema_migrations"
Migrating to DeviseCreateUsers (20140224203310)
  [1m[36m (0.1ms)[0m  [1mbegin transaction[0m
DEPRECATION WARNING: `#timestamp` was called without specifying an option for `null`. In Rails 5, this behavior will change to `null: false`. You should manually specify `null: true` to prevent the behavior of your existing migrations from changing. (called from block in change at /home/developern/Rails-projects/rails-devise/db/migrate/20140224203310_devise_create_users.rb:34)
  [1m[35m (0.4ms)[0m  CREATE TABLE "users" ("id" INTEGER PRIMARY KEY AUTOINCREMENT NOT NULL, "email" varchar DEFAULT '' NOT NULL, "encrypted_password" varchar DEFAULT '' NOT NULL, "reset_password_token" varchar, "reset_password_sent_at" datetime, "remember_created_at" datetime, "sign_in_count" integer DEFAULT 0 NOT NULL, "current_sign_in_at" datetime, "last_sign_in_at" datetime, "current_sign_in_ip" varchar, "last_sign_in_ip" varchar, "created_at" datetime, "updated_at" datetime) 
  [1m[36m (0.2ms)[0m  [1mCREATE UNIQUE INDEX "index_users_on_email" ON "users" ("email")[0m
  [1m[35m (0.1ms)[0m              SELECT sql
            FROM sqlite_master
            WHERE name='index_users_on_email' AND type='index'
            UNION ALL
            SELECT sql
            FROM sqlite_temp_master
            WHERE name='index_users_on_email' AND type='index'

  [1m[36m (0.1ms)[0m  [1mCREATE UNIQUE INDEX "index_users_on_reset_password_token" ON "users" ("reset_password_token")[0m
  [1m[35mSQL (0.2ms)[0m  INSERT INTO "schema_migrations" ("version") VALUES (?)  [["version", "20140224203310"]]
  [1m[36m (76.0ms)[0m  [1mcommit transaction[0m
Migrating to AddNameToUsers (20140224203311)
  [1m[35m (0.1ms)[0m  begin transaction
  [1m[36m (0.5ms)[0m  [1mALTER TABLE "users" ADD "name" varchar[0m
  [1m[35mSQL (0.2ms)[0m  INSERT INTO "schema_migrations" ("version") VALUES (?)  [["version", "20140224203311"]]
  [1m[36m (96.3ms)[0m  [1mcommit transaction[0m
  [1m[35mActiveRecord::SchemaMigration Load (0.1ms)[0m  SELECT "schema_migrations".* FROM "schema_migrations"
  [1m[36m (0.1ms)[0m  [1m            SELECT sql
            FROM sqlite_master
            WHERE name='index_users_on_reset_password_token' AND type='index'
            UNION ALL
            SELECT sql
            FROM sqlite_temp_master
            WHERE name='index_users_on_reset_password_token' AND type='index'
[0m
  [1m[35m (0.1ms)[0m              SELECT sql
            FROM sqlite_master
            WHERE name='index_users_on_email' AND type='index'
            UNION ALL
            SELECT sql
            FROM sqlite_temp_master
            WHERE name='index_users_on_email' AND type='index'



Started GET "/" for 127.0.0.1 at 2015-05-30 11:47:51 +0200
  [1m[36mActiveRecord::SchemaMigration Load (0.1ms)[0m  [1mSELECT "schema_migrations".* FROM "schema_migrations"[0m
Processing by VisitorsController#index as HTML
  [1m[35m (0.1ms)[0m  SELECT COUNT(*) FROM "users"
  Rendered visitors/index.html.erb within layouts/application (3.8ms)
  Rendered layouts/_navigation_links.html.erb (4.6ms)
  Rendered layouts/_navigation.html.erb (6.6ms)
  Rendered layouts/_messages.html.erb (0.9ms)
Completed 200 OK in 3949ms (Views: 3940.5ms | ActiveRecord: 0.3ms)


Started GET "/" for 127.0.0.1 at 2015-05-30 11:48:17 +0200
Processing by VisitorsController#index as HTML
  [1m[36m (0.2ms)[0m  [1mSELECT COUNT(*) FROM "users"[0m
  Rendered visitors/index.html.erb within layouts/application (1.5ms)
  Rendered layouts/_navigation_links.html.erb (0.9ms)
  Rendered layouts/_navigation.html.erb (2.6ms)
  Rendered layouts/_messages.html.erb (0.5ms)
Completed 200 OK in 107ms (Views: 106.2ms | ActiveRecord: 0.2ms)


Started GET "/users/sign_in" for 127.0.0.1 at 2015-05-30 11:48:18 +0200
Processing by Devise::SessionsController#new as HTML
  Rendered devise/sessions/new.html.erb within layouts/application (403.0ms)
  Rendered layouts/_navigation_links.html.erb (0.4ms)
  Rendered layouts/_navigation.html.erb (1.5ms)
  Rendered layouts/_messages.html.erb (0.1ms)
Completed 200 OK in 573ms (Views: 562.0ms | ActiveRecord: 0.4ms)


Started GET "/users/sign_up" for 127.0.0.1 at 2015-05-30 11:48:19 +0200
Processing by Devise::RegistrationsController#new as HTML
  Rendered devise/registrations/new.html.erb within layouts/application (11.5ms)
  Rendered layouts/_navigation_links.html.erb (0.5ms)
  Rendered layouts/_navigation.html.erb (1.7ms)
  Rendered layouts/_messages.html.erb (0.1ms)
Completed 200 OK in 149ms (Views: 147.2ms | ActiveRecord: 0.0ms)


Started GET "/users/sign_in" for 127.0.0.1 at 2015-05-30 11:48:22 +0200
Processing by Devise::SessionsController#new as HTML
  Rendered devise/sessions/new.html.erb within layouts/application (14.7ms)
  Rendered layouts/_navigation_links.html.erb (0.5ms)
  Rendered layouts/_navigation.html.erb (1.7ms)
  Rendered layouts/_messages.html.erb (0.1ms)
Completed 200 OK in 155ms (Views: 152.6ms | ActiveRecord: 0.0ms)


Started GET "/" for 127.0.0.1 at 2015-05-30 11:48:25 +0200
Processing by VisitorsController#index as HTML
  [1m[35m (0.3ms)[0m  SELECT COUNT(*) FROM "users"
  Rendered visitors/index.html.erb within layouts/application (1.8ms)
  Rendered layouts/_navigation_links.html.erb (0.4ms)
  Rendered layouts/_navigation.html.erb (1.6ms)
  Rendered layouts/_messages.html.erb (0.1ms)
Completed 200 OK in 116ms (Views: 114.8ms | ActiveRecord: 0.3ms)


Started GET "/users/sign_in" for 127.0.0.1 at 2015-05-30 11:48:27 +0200
Processing by Devise::SessionsController#new as HTML
  Rendered devise/sessions/new.html.erb within layouts/application (9.0ms)
  Rendered layouts/_navigation_links.html.erb (0.5ms)
  Rendered layouts/_navigation.html.erb (1.5ms)
  Rendered layouts/_messages.html.erb (0.2ms)
Completed 200 OK in 172ms (Views: 170.1ms | ActiveRecord: 0.0ms)


Started GET "/users/sign_up" for 127.0.0.1 at 2015-05-30 11:48:42 +0200
Processing by Devise::RegistrationsController#new as HTML
  Rendered devise/registrations/new.html.erb within layouts/application (5.3ms)
  Rendered layouts/_navigation_links.html.erb (0.4ms)
  Rendered layouts/_navigation.html.erb (1.4ms)
  Rendered layouts/_messages.html.erb (0.1ms)
Completed 200 OK in 125ms (Views: 123.6ms | ActiveRecord: 0.0ms)


Started POST "/users" for 127.0.0.1 at 2015-05-30 11:49:48 +0200
Processing by Devise::RegistrationsController#create as HTML
  Parameters: {"utf8"=>"✓", "authenticity_token"=>"3Ygh1qlO4+tYtvFaOcC/nVuQRucdgPF9pPEeM6HYZi3it07eh/FdsrpFGzjtW1nWDln8LNCKBWE5yDvwRprqOg==", "user"=>{"name"=>"test", "email"=>"test@me.com", "password"=>"[FILTERED]", "password_confirmation"=>"[FILTERED]"}, "commit"=>"Sign up"}
  [1m[36m (0.2ms)[0m  [1mbegin transaction[0m
  [1m[35mUser Exists (0.2ms)[0m  SELECT  1 AS one FROM "users" WHERE "users"."email" = 'test@me.com' LIMIT 1
  [1m[36m (0.1ms)[0m  [1mrollback transaction[0m
  Rendered devise/registrations/new.html.erb within layouts/application (8.2ms)
  Rendered layouts/_navigation_links.html.erb (0.5ms)
  Rendered layouts/_navigation.html.erb (1.5ms)
  Rendered layouts/_messages.html.erb (0.1ms)
Completed 200 OK in 252ms (Views: 129.4ms | ActiveRecord: 0.5ms)


Started POST "/users" for 127.0.0.1 at 2015-05-30 11:50:11 +0200
Processing by Devise::RegistrationsController#create as HTML
  Parameters: {"utf8"=>"✓", "authenticity_token"=>"PfQ5WAlo/6ZmRYnbk8LY8PkMX0LVs4hPB/rPsrlnDRQCy1ZQJ9dB/4S2Y7lHWT67rMXliRi5fFOaw+pxXiWBAw==", "user"=>{"name"=>"test", "email"=>"test@me.com", "password"=>"[FILTERED]", "password_confirmation"=>"[FILTERED]"}, "commit"=>"Sign up"}
  [1m[35m (0.2ms)[0m  begin transaction
  [1m[36mUser Exists (0.2ms)[0m  [1mSELECT  1 AS one FROM "users" WHERE "users"."email" = 'test@me.com' LIMIT 1[0m
  [1m[35mSQL (0.3ms)[0m  INSERT INTO "users" ("email", "encrypted_password", "name", "created_at", "updated_at") VALUES (?, ?, ?, ?, ?)  [["email", "test@me.com"], ["encrypted_password", "$2a$10$wkKE35vfCCFMbtAvUJmIfeeDp75sOpybGthkXcBF7snBD9lciFKMy"], ["name", "test"], ["created_at", "2015-05-30 09:50:11.593599"], ["updated_at", "2015-05-30 09:50:11.593599"]]
  [1m[36m (101.3ms)[0m  [1mcommit transaction[0m
  [1m[35m (0.1ms)[0m  begin transaction
  [1m[36mSQL (0.4ms)[0m  [1mUPDATE "users" SET "last_sign_in_at" = ?, "current_sign_in_at" = ?, "last_sign_in_ip" = ?, "current_sign_in_ip" = ?, "sign_in_count" = ?, "updated_at" = ? WHERE "users"."id" = ?[0m  [["last_sign_in_at", "2015-05-30 09:50:11.698161"], ["current_sign_in_at", "2015-05-30 09:50:11.698161"], ["last_sign_in_ip", "127.0.0.1"], ["current_sign_in_ip", "127.0.0.1"], ["sign_in_count", 1], ["updated_at", "2015-05-30 09:50:11.700069"], ["id", 1]]
  [1m[35m (115.0ms)[0m  commit transaction
Redirected to http://localhost:3000/
Completed 302 Found in 297ms (ActiveRecord: 217.3ms)


Started GET "/" for 127.0.0.1 at 2015-05-30 11:50:11 +0200
Processing by VisitorsController#index as HTML
  [1m[36m (0.4ms)[0m  [1mSELECT COUNT(*) FROM "users"[0m
  Rendered visitors/index.html.erb within layouts/application (1.3ms)
  [1m[35mUser Load (0.3ms)[0m  SELECT  "users".* FROM "users" WHERE "users"."id" = ?  ORDER BY "users"."id" ASC LIMIT 1  [["id", 1]]
  Rendered layouts/_navigation_links.html.erb (1.9ms)
  Rendered layouts/_navigation.html.erb (2.9ms)
  Rendered layouts/_messages.html.erb (0.2ms)
Completed 200 OK in 114ms (Views: 112.7ms | ActiveRecord: 0.6ms)


Started GET "/users/edit" for 127.0.0.1 at 2015-05-30 11:50:18 +0200
Processing by Devise::RegistrationsController#edit as HTML
  [1m[36mUser Load (0.2ms)[0m  [1mSELECT  "users".* FROM "users" WHERE "users"."id" = ?  ORDER BY "users"."id" ASC LIMIT 1[0m  [["id", 1]]
  Rendered devise/registrations/edit.html.erb within layouts/application (8.9ms)
  Rendered layouts/_navigation_links.html.erb (0.2ms)
  Rendered layouts/_navigation.html.erb (1.6ms)
  Rendered layouts/_messages.html.erb (0.1ms)
Completed 200 OK in 113ms (Views: 109.8ms | ActiveRecord: 0.2ms)


Started GET "/users" for 127.0.0.1 at 2015-05-30 11:50:46 +0200
Processing by UsersController#index as HTML
  [1m[35mUser Load (0.2ms)[0m  SELECT  "users".* FROM "users" WHERE "users"."id" = ?  ORDER BY "users"."id" ASC LIMIT 1  [["id", 1]]
  [1m[36mUser Load (0.2ms)[0m  [1mSELECT "users".* FROM "users"[0m
  Rendered users/_user.html.erb (0.9ms)
  Rendered users/index.html.erb within layouts/application (3.3ms)
  Rendered layouts/_navigation_links.html.erb (0.3ms)
  Rendered layouts/_navigation.html.erb (1.5ms)
  Rendered layouts/_messages.html.erb (0.1ms)
Completed 200 OK in 157ms (Views: 153.9ms | ActiveRecord: 0.4ms)


Started GET "/users/edit" for 127.0.0.1 at 2015-05-30 11:50:50 +0200
Processing by Devise::RegistrationsController#edit as HTML
  [1m[35mUser Load (0.1ms)[0m  SELECT  "users".* FROM "users" WHERE "users"."id" = ?  ORDER BY "users"."id" ASC LIMIT 1  [["id", 1]]
  Rendered devise/registrations/edit.html.erb within layouts/application (8.6ms)
  Rendered layouts/_navigation_links.html.erb (0.3ms)
  Rendered layouts/_navigation.html.erb (1.5ms)
  Rendered layouts/_messages.html.erb (0.1ms)
Completed 200 OK in 129ms (Views: 126.4ms | ActiveRecord: 0.1ms)


Started GET "/" for 127.0.0.1 at 2015-05-30 11:50:51 +0200
Processing by VisitorsController#index as HTML
  [1m[36m (0.2ms)[0m  [1mSELECT COUNT(*) FROM "users"[0m
  Rendered visitors/index.html.erb within layouts/application (1.2ms)
  [1m[35mUser Load (0.1ms)[0m  SELECT  "users".* FROM "users" WHERE "users"."id" = ?  ORDER BY "users"."id" ASC LIMIT 1  [["id", 1]]
  Rendered layouts/_navigation_links.html.erb (1.7ms)
  Rendered layouts/_navigation.html.erb (3.3ms)
  Rendered layouts/_messages.html.erb (0.1ms)
Completed 200 OK in 121ms (Views: 119.6ms | ActiveRecord: 0.4ms)


Started GET "/users/edit" for 127.0.0.1 at 2015-05-30 11:51:03 +0200
Processing by Devise::RegistrationsController#edit as HTML
  [1m[36mUser Load (0.2ms)[0m  [1mSELECT  "users".* FROM "users" WHERE "users"."id" = ?  ORDER BY "users"."id" ASC LIMIT 1[0m  [["id", 1]]
  Rendered devise/registrations/edit.html.erb within layouts/application (8.3ms)
  Rendered layouts/_navigation_links.html.erb (0.2ms)
  Rendered layouts/_navigation.html.erb (1.4ms)
  Rendered layouts/_messages.html.erb (0.1ms)
Completed 200 OK in 129ms (Views: 126.9ms | ActiveRecord: 0.2ms)


Started DELETE "/users/sign_out" for 127.0.0.1 at 2015-05-30 11:51:14 +0200
Processing by Devise::SessionsController#destroy as HTML
  Parameters: {"authenticity_token"=>"PJ6s+qKnRHQ5+rNBoshvcmwdwRq4khb9F4ljW3mrRh0DocPyjBj6LdsJWSN2U4k5OdR70XWY4uGKsEaYnunKCg=="}
  [1m[35mUser Load (0.1ms)[0m  SELECT  "users".* FROM "users" WHERE "users"."id" = ?  ORDER BY "users"."id" ASC LIMIT 1  [["id", 1]]
  [1m[36m (0.1ms)[0m  [1mbegin transaction[0m
  [1m[35m (0.1ms)[0m  commit transaction
Redirected to http://localhost:3000/
Completed 302 Found in 7ms (ActiveRecord: 0.3ms)


Started GET "/" for 127.0.0.1 at 2015-05-30 11:51:14 +0200
Processing by VisitorsController#index as HTML
  [1m[36m (0.2ms)[0m  [1mSELECT COUNT(*) FROM "users"[0m
  Rendered visitors/index.html.erb within layouts/application (1.2ms)
  Rendered layouts/_navigation_links.html.erb (0.6ms)
  Rendered layouts/_navigation.html.erb (1.7ms)
  Rendered layouts/_messages.html.erb (0.2ms)
Completed 200 OK in 107ms (Views: 105.6ms | ActiveRecord: 0.2ms)


Started GET "/users/sign_up" for 127.0.0.1 at 2015-05-30 11:51:18 +0200
Processing by Devise::RegistrationsController#new as HTML
  Rendered devise/registrations/new.html.erb within layouts/application (5.6ms)
  Rendered layouts/_navigation_links.html.erb (0.6ms)
  Rendered layouts/_navigation.html.erb (1.8ms)
  Rendered layouts/_messages.html.erb (0.1ms)
Completed 200 OK in 156ms (Views: 154.2ms | ActiveRecord: 0.0ms)


Started POST "/users" for 127.0.0.1 at 2015-05-30 11:51:37 +0200
Processing by Devise::RegistrationsController#create as HTML
  Parameters: {"utf8"=>"✓", "authenticity_token"=>"KwHl3lDs7qEQTcMC2ZTRLbRvmOe8TWFNlNQH5YbSIeeWeRcSAWhv3HHDAzNna5TcHVabAoc4Jp1P8HpRVifHOA==", "user"=>{"name"=>"developer", "email"=>"ddeveloperr@gmail.com", "password"=>"[FILTERED]", "password_confirmation"=>"[FILTERED]"}, "commit"=>"Sign up"}
  [1m[35m (0.2ms)[0m  begin transaction
  [1m[36mUser Exists (0.2ms)[0m  [1mSELECT  1 AS one FROM "users" WHERE "users"."email" = 'ddeveloperr@gmail.com' LIMIT 1[0m
  [1m[35mSQL (0.3ms)[0m  INSERT INTO "users" ("email", "encrypted_password", "name", "created_at", "updated_at") VALUES (?, ?, ?, ?, ?)  [["email", "ddeveloperr@gmail.com"], ["encrypted_password", "$2a$10$KCqeYj0ufEvB0iKUbg.bxOpklFi4Hb14hEHUdJlymYpHNITTVPpee"], ["name", "developer"], ["created_at", "2015-05-30 09:51:38.008680"], ["updated_at", "2015-05-30 09:51:38.008680"]]
  [1m[36m (125.7ms)[0m  [1mcommit transaction[0m
  [1m[35m (0.1ms)[0m  begin transaction
  [1m[36mSQL (0.2ms)[0m  [1mUPDATE "users" SET "last_sign_in_at" = ?, "current_sign_in_at" = ?, "last_sign_in_ip" = ?, "current_sign_in_ip" = ?, "sign_in_count" = ?, "updated_at" = ? WHERE "users"."id" = ?[0m  [["last_sign_in_at", "2015-05-30 09:51:38.137875"], ["current_sign_in_at", "2015-05-30 09:51:38.137875"], ["last_sign_in_ip", "127.0.0.1"], ["current_sign_in_ip", "127.0.0.1"], ["sign_in_count", 1], ["updated_at", "2015-05-30 09:51:38.139377"], ["id", 2]]
  [1m[35m (78.9ms)[0m  commit transaction
Redirected to http://localhost:3000/
Completed 302 Found in 282ms (ActiveRecord: 205.7ms)


Started GET "/" for 127.0.0.1 at 2015-05-30 11:51:38 +0200
Processing by VisitorsController#index as HTML
  [1m[36m (0.2ms)[0m  [1mSELECT COUNT(*) FROM "users"[0m
  Rendered visitors/index.html.erb within layouts/application (1.2ms)
  [1m[35mUser Load (0.2ms)[0m  SELECT  "users".* FROM "users" WHERE "users"."id" = ?  ORDER BY "users"."id" ASC LIMIT 1  [["id", 2]]
  Rendered layouts/_navigation_links.html.erb (2.0ms)
  Rendered layouts/_navigation.html.erb (3.0ms)
  Rendered layouts/_messages.html.erb (0.1ms)
Completed 200 OK in 122ms (Views: 120.9ms | ActiveRecord: 0.4ms)


Started GET "/users" for 127.0.0.1 at 2015-05-30 11:51:45 +0200
Processing by UsersController#index as HTML
  [1m[36mUser Load (0.2ms)[0m  [1mSELECT  "users".* FROM "users" WHERE "users"."id" = ?  ORDER BY "users"."id" ASC LIMIT 1[0m  [["id", 2]]
  [1m[35mUser Load (0.2ms)[0m  SELECT "users".* FROM "users"
  Rendered users/_user.html.erb (0.4ms)
  Rendered users/_user.html.erb (0.2ms)
  Rendered users/index.html.erb within layouts/application (3.1ms)
  Rendered layouts/_navigation_links.html.erb (0.3ms)
  Rendered layouts/_navigation.html.erb (1.5ms)
  Rendered layouts/_messages.html.erb (0.1ms)
Completed 200 OK in 121ms (Views: 118.4ms | ActiveRecord: 0.4ms)


Started GET "/users/2" for 127.0.0.1 at 2015-05-30 11:51:49 +0200
Processing by UsersController#show as HTML
  Parameters: {"id"=>"2"}
  [1m[36mUser Load (0.2ms)[0m  [1mSELECT  "users".* FROM "users" WHERE "users"."id" = ?  ORDER BY "users"."id" ASC LIMIT 1[0m  [["id", 2]]
  [1m[35mUser Load (0.3ms)[0m  SELECT  "users".* FROM "users" WHERE "users"."id" = ? LIMIT 1  [["id", 2]]
  Rendered users/show.html.erb within layouts/application (0.6ms)
  Rendered layouts/_navigation_links.html.erb (0.2ms)
  Rendered layouts/_navigation.html.erb (1.5ms)
  Rendered layouts/_messages.html.erb (0.1ms)
Completed 200 OK in 122ms (Views: 117.5ms | ActiveRecord: 0.4ms)


Started GET "/users/edit" for 127.0.0.1 at 2015-05-30 11:51:52 +0200
Processing by Devise::RegistrationsController#edit as HTML
  [1m[36mUser Load (0.2ms)[0m  [1mSELECT  "users".* FROM "users" WHERE "users"."id" = ?  ORDER BY "users"."id" ASC LIMIT 1[0m  [["id", 2]]
  Rendered devise/registrations/edit.html.erb within layouts/application (8.8ms)
  Rendered layouts/_navigation_links.html.erb (0.3ms)
  Rendered layouts/_navigation.html.erb (1.5ms)
  Rendered layouts/_messages.html.erb (0.1ms)
Completed 200 OK in 119ms (Views: 116.2ms | ActiveRecord: 0.2ms)


Started GET "/users/2" for 127.0.0.1 at 2015-05-30 11:51:57 +0200
Processing by UsersController#show as HTML
  Parameters: {"id"=>"2"}
  [1m[35mUser Load (0.2ms)[0m  SELECT  "users".* FROM "users" WHERE "users"."id" = ?  ORDER BY "users"."id" ASC LIMIT 1  [["id", 2]]
  [1m[36mUser Load (0.1ms)[0m  [1mSELECT  "users".* FROM "users" WHERE "users"."id" = ? LIMIT 1[0m  [["id", 2]]
  Rendered users/show.html.erb within layouts/application (0.1ms)
  Rendered layouts/_navigation_links.html.erb (0.2ms)
  Rendered layouts/_navigation.html.erb (1.6ms)
  Rendered layouts/_messages.html.erb (0.1ms)
Completed 200 OK in 155ms (Views: 150.8ms | ActiveRecord: 0.3ms)


Started GET "/users/edit" for 127.0.0.1 at 2015-05-30 11:51:59 +0200
Processing by Devise::RegistrationsController#edit as HTML
  [1m[35mUser Load (0.1ms)[0m  SELECT  "users".* FROM "users" WHERE "users"."id" = ?  ORDER BY "users"."id" ASC LIMIT 1  [["id", 2]]
  Rendered devise/registrations/edit.html.erb within layouts/application (9.8ms)
  Rendered layouts/_navigation_links.html.erb (0.3ms)
  Rendered layouts/_navigation.html.erb (1.8ms)
  Rendered layouts/_messages.html.erb (0.1ms)
Completed 200 OK in 134ms (Views: 132.0ms | ActiveRecord: 0.1ms)


Started GET "/users" for 127.0.0.1 at 2015-05-30 11:52:01 +0200
Processing by UsersController#index as HTML
  [1m[36mUser Load (0.2ms)[0m  [1mSELECT  "users".* FROM "users" WHERE "users"."id" = ?  ORDER BY "users"."id" ASC LIMIT 1[0m  [["id", 2]]
  [1m[35mUser Load (0.2ms)[0m  SELECT "users".* FROM "users"
  Rendered users/_user.html.erb (0.5ms)
  Rendered users/_user.html.erb (0.2ms)
  Rendered users/index.html.erb within layouts/application (3.8ms)
  Rendered layouts/_navigation_links.html.erb (0.3ms)
  Rendered layouts/_navigation.html.erb (1.6ms)
  Rendered layouts/_messages.html.erb (0.2ms)
Completed 200 OK in 128ms (Views: 124.8ms | ActiveRecord: 0.4ms)


Started GET "/users/1" for 127.0.0.1 at 2015-05-30 11:52:03 +0200
Processing by UsersController#show as HTML
  Parameters: {"id"=>"1"}
  [1m[36mUser Load (0.1ms)[0m  [1mSELECT  "users".* FROM "users" WHERE "users"."id" = ?  ORDER BY "users"."id" ASC LIMIT 1[0m  [["id", 2]]
  [1m[35mUser Load (0.1ms)[0m  SELECT  "users".* FROM "users" WHERE "users"."id" = ? LIMIT 1  [["id", 1]]
Redirected to http://localhost:3000/users
Completed 302 Found in 3ms (ActiveRecord: 0.2ms)


Started GET "/users" for 127.0.0.1 at 2015-05-30 11:52:03 +0200
Processing by UsersController#index as HTML
  [1m[36mUser Load (0.1ms)[0m  [1mSELECT  "users".* FROM "users" WHERE "users"."id" = ?  ORDER BY "users"."id" ASC LIMIT 1[0m  [["id", 2]]
  [1m[35mUser Load (0.3ms)[0m  SELECT "users".* FROM "users"
  Rendered users/_user.html.erb (0.4ms)
  Rendered users/_user.html.erb (0.3ms)
  Rendered users/index.html.erb within layouts/application (4.7ms)
  Rendered layouts/_navigation_links.html.erb (0.4ms)
  Rendered layouts/_navigation.html.erb (1.8ms)
  Rendered layouts/_messages.html.erb (0.2ms)
Completed 200 OK in 132ms (Views: 129.2ms | ActiveRecord: 0.5ms)


Started GET "/users/1" for 127.0.0.1 at 2015-05-30 11:52:08 +0200
Processing by UsersController#show as HTML
  Parameters: {"id"=>"1"}
  [1m[36mUser Load (0.2ms)[0m  [1mSELECT  "users".* FROM "users" WHERE "users"."id" = ?  ORDER BY "users"."id" ASC LIMIT 1[0m  [["id", 2]]
  [1m[35mUser Load (0.1ms)[0m  SELECT  "users".* FROM "users" WHERE "users"."id" = ? LIMIT 1  [["id", 1]]
Redirected to http://localhost:3000/users
Completed 302 Found in 4ms (ActiveRecord: 0.3ms)


Started GET "/users" for 127.0.0.1 at 2015-05-30 11:52:08 +0200
Processing by UsersController#index as HTML
  [1m[36mUser Load (0.1ms)[0m  [1mSELECT  "users".* FROM "users" WHERE "users"."id" = ?  ORDER BY "users"."id" ASC LIMIT 1[0m  [["id", 2]]
  [1m[35mUser Load (0.2ms)[0m  SELECT "users".* FROM "users"
  Rendered users/_user.html.erb (0.4ms)
  Rendered users/_user.html.erb (0.2ms)
  Rendered users/index.html.erb within layouts/application (3.7ms)
  Rendered layouts/_navigation_links.html.erb (0.2ms)
  Rendered layouts/_navigation.html.erb (1.4ms)
  Rendered layouts/_messages.html.erb (0.1ms)
Completed 200 OK in 108ms (Views: 106.5ms | ActiveRecord: 0.3ms)


Started GET "/" for 127.0.0.1 at 2015-05-30 11:52:13 +0200
Processing by VisitorsController#index as HTML
  [1m[36m (0.1ms)[0m  [1mSELECT COUNT(*) FROM "users"[0m
  Rendered visitors/index.html.erb within layouts/application (1.0ms)
  [1m[35mUser Load (0.1ms)[0m  SELECT  "users".* FROM "users" WHERE "users"."id" = ?  ORDER BY "users"."id" ASC LIMIT 1  [["id", 2]]
  Rendered layouts/_navigation_links.html.erb (1.4ms)
  Rendered layouts/_navigation.html.erb (2.5ms)
  Rendered layouts/_messages.html.erb (0.1ms)
Completed 200 OK in 144ms (Views: 142.8ms | ActiveRecord: 0.3ms)


Started GET "/users" for 127.0.0.1 at 2015-05-30 11:52:15 +0200
Processing by UsersController#index as HTML
  [1m[36mUser Load (0.1ms)[0m  [1mSELECT  "users".* FROM "users" WHERE "users"."id" = ?  ORDER BY "users"."id" ASC LIMIT 1[0m  [["id", 2]]
  [1m[35mUser Load (0.2ms)[0m  SELECT "users".* FROM "users"
  Rendered users/_user.html.erb (0.4ms)
  Rendered users/_user.html.erb (0.2ms)
  Rendered users/index.html.erb within layouts/application (3.0ms)
  Rendered layouts/_navigation_links.html.erb (0.3ms)
  Rendered layouts/_navigation.html.erb (1.5ms)
  Rendered layouts/_messages.html.erb (0.1ms)
Completed 200 OK in 125ms (Views: 123.4ms | ActiveRecord: 0.3ms)


Started GET "/users/2" for 127.0.0.1 at 2015-05-30 11:52:16 +0200
Processing by UsersController#show as HTML
  Parameters: {"id"=>"2"}
  [1m[36mUser Load (0.1ms)[0m  [1mSELECT  "users".* FROM "users" WHERE "users"."id" = ?  ORDER BY "users"."id" ASC LIMIT 1[0m  [["id", 2]]
  [1m[35mUser Load (0.1ms)[0m  SELECT  "users".* FROM "users" WHERE "users"."id" = ? LIMIT 1  [["id", 2]]
  Rendered users/show.html.erb within layouts/application (0.1ms)
  Rendered layouts/_navigation_links.html.erb (0.3ms)
  Rendered layouts/_navigation.html.erb (1.5ms)
  Rendered layouts/_messages.html.erb (0.1ms)
Completed 200 OK in 125ms (Views: 122.5ms | ActiveRecord: 0.2ms)


Started GET "/users/edit" for 127.0.0.1 at 2015-05-30 11:52:19 +0200
Processing by Devise::RegistrationsController#edit as HTML
  [1m[36mUser Load (0.1ms)[0m  [1mSELECT  "users".* FROM "users" WHERE "users"."id" = ?  ORDER BY "users"."id" ASC LIMIT 1[0m  [["id", 2]]
  Rendered devise/registrations/edit.html.erb within layouts/application (10.4ms)
  Rendered layouts/_navigation_links.html.erb (0.3ms)
  Rendered layouts/_navigation.html.erb (1.5ms)
  Rendered layouts/_messages.html.erb (0.1ms)
Completed 200 OK in 137ms (Views: 134.6ms | ActiveRecord: 0.1ms)


Started DELETE "/users/sign_out" for 127.0.0.1 at 2015-05-30 11:52:27 +0200
Processing by Devise::SessionsController#destroy as HTML
  Parameters: {"authenticity_token"=>"QKvH2VxyotoTq+Xodd8pg/SLdehNbyNQC4tRv+oiQGz90zUVDfYjp3IlJdnLIGxyXbJ2DXYaZIDQrywLOtemsw=="}
  [1m[35mUser Load (0.1ms)[0m  SELECT  "users".* FROM "users" WHERE "users"."id" = ?  ORDER BY "users"."id" ASC LIMIT 1  [["id", 2]]
  [1m[36m (0.1ms)[0m  [1mbegin transaction[0m
  [1m[35m (0.1ms)[0m  commit transaction
Redirected to http://localhost:3000/
Completed 302 Found in 6ms (ActiveRecord: 0.3ms)


Started GET "/" for 127.0.0.1 at 2015-05-30 11:52:27 +0200
Processing by VisitorsController#index as HTML
  [1m[36m (0.2ms)[0m  [1mSELECT COUNT(*) FROM "users"[0m
  Rendered visitors/index.html.erb within layouts/application (1.0ms)
  Rendered layouts/_navigation_links.html.erb (0.5ms)
  Rendered layouts/_navigation.html.erb (1.4ms)
  Rendered layouts/_messages.html.erb (0.1ms)
Completed 200 OK in 105ms (Views: 104.6ms | ActiveRecord: 0.2ms)


Started GET "/users/sign_in" for 127.0.0.1 at 2015-05-30 11:52:29 +0200
Processing by Devise::SessionsController#new as HTML
  Rendered devise/sessions/new.html.erb within layouts/application (10.1ms)
  Rendered layouts/_navigation_links.html.erb (0.6ms)
  Rendered layouts/_navigation.html.erb (1.8ms)
  Rendered layouts/_messages.html.erb (0.1ms)
Completed 200 OK in 158ms (Views: 156.2ms | ActiveRecord: 0.0ms)


Started GET "/users/password/new" for 127.0.0.1 at 2015-05-30 11:52:39 +0200
Processing by Devise::PasswordsController#new as HTML
  Rendered devise/passwords/new.html.erb within layouts/application (8.2ms)
  Rendered layouts/_navigation_links.html.erb (0.6ms)
  Rendered layouts/_navigation.html.erb (2.0ms)
  Rendered layouts/_messages.html.erb (0.2ms)
Completed 200 OK in 150ms (Views: 149.0ms | ActiveRecord: 0.0ms)


Started POST "/users/password" for 127.0.0.1 at 2015-05-30 11:52:45 +0200
Processing by Devise::PasswordsController#create as HTML
  Parameters: {"utf8"=>"✓", "authenticity_token"=>"c0/aRBbUj+i2pj55AluGPldhOuZvULd/miNejpFb5ypbx+GFpOzeKS5xw9zSamFK9mJR6XrM2o8n+sK50VsTdA==", "user"=>{"email"=>"ddeveloperr@gmail.com"}, "commit"=>"Reset Password"}
  [1m[35mUser Load (0.3ms)[0m  SELECT  "users".* FROM "users" WHERE "users"."email" = ?  ORDER BY "users"."id" ASC LIMIT 1  [["email", "ddeveloperr@gmail.com"]]
  [1m[36mUser Load (0.3ms)[0m  [1mSELECT  "users".* FROM "users" WHERE "users"."reset_password_token" = ?  ORDER BY "users"."id" ASC LIMIT 1[0m  [["reset_password_token", "23e54b813aa23b5873358ddbbcf2508de7f8d4b09c1808c26db0ae8cf0c3b004"]]
  [1m[35m (0.1ms)[0m  begin transaction
  [1m[36mSQL (0.3ms)[0m  [1mUPDATE "users" SET "reset_password_token" = ?, "reset_password_sent_at" = ?, "updated_at" = ? WHERE "users"."id" = ?[0m  [["reset_password_token", "23e54b813aa23b5873358ddbbcf2508de7f8d4b09c1808c26db0ae8cf0c3b004"], ["reset_password_sent_at", "2015-05-30 09:52:45.695903"], ["updated_at", "2015-05-30 09:52:45.696416"], ["id", 2]]
  [1m[35m (96.1ms)[0m  commit transaction
  Rendered /var/lib/gems/2.1.0/gems/devise-3.4.1/app/views/devise/mailer/reset_password_instructions.html.erb (4.5ms)

Devise::Mailer#reset_password_instructions: processed outbound mail in 260.3ms

Sent mail to ddeveloperr@gmail.com (582.4ms)
Date: Sat, 30 May 2015 11:52:46 +0200
From: no-reply@example.com
Reply-To: no-reply@example.com
To: ddeveloperr@gmail.com
Message-ID: <5569886e199e2_3c0e3f9e40f531ec59824@developern-GA-78LMT-S2P.mail>
Subject: Reset password instructions
Mime-Version: 1.0
Content-Type: text/html;
 charset=UTF-8
Content-Transfer-Encoding: 7bit

<p>Hello ddeveloperr@gmail.com!</p>

<p>Someone has requested a link to change your password. You can do this through the link below.</p>

<p><a href="http://localhost:3000/users/password/edit?reset_password_token=CKAx2LsGdwDWw4mS8Z8f">Change my password</a></p>

<p>If you didn't request this, please ignore this email.</p>
<p>Your password won't change until you access the link above and create a new one.</p>

Completed 500 Internal Server Error in 1196ms

Net::SMTPAuthenticationError - 530-5.5.1 Authentication Required. Learn more at
:
  /usr/lib/ruby/2.1.0/net/smtp.rb:957:in `check_response'
  /usr/lib/ruby/2.1.0/net/smtp.rb:926:in `getok'
  /usr/lib/ruby/2.1.0/net/smtp.rb:841:in `mailfrom'
  /usr/lib/ruby/2.1.0/net/smtp.rb:662:in `send_message'
  mail (2.6.3) lib/mail/network/delivery_methods/smtp.rb:113:in `block in deliver!'
  /usr/lib/ruby/2.1.0/net/smtp.rb:521:in `start'
  mail (2.6.3) lib/mail/network/delivery_methods/smtp.rb:112:in `deliver!'
  mail (2.6.3) lib/mail/message.rb:2141:in `do_delivery'
  mail (2.6.3) lib/mail/message.rb:236:in `block in deliver'
  actionmailer (4.2.0) lib/action_mailer/base.rb:543:in `block in deliver_mail'
  activesupport (4.2.0) lib/active_support/notifications.rb:164:in `block in instrument'
  activesupport (4.2.0) lib/active_support/notifications/instrumenter.rb:20:in `instrument'
  activesupport (4.2.0) lib/active_support/notifications.rb:164:in `instrument'
  actionmailer (4.2.0) lib/action_mailer/base.rb:541:in `deliver_mail'
  mail (2.6.3) lib/mail/message.rb:236:in `deliver'
  actionmailer (4.2.0) lib/action_mailer/message_delivery.rb:85:in `deliver_now'
  devise (3.4.1) lib/devise/models/authenticatable.rb:176:in `send_devise_notification'
  devise (3.4.1) lib/devise/models/recoverable.rb:99:in `send_reset_password_instructions_notification'
  devise (3.4.1) lib/devise/models/recoverable.rb:49:in `send_reset_password_instructions'
  devise (3.4.1) lib/devise/models/recoverable.rb:116:in `send_reset_password_instructions'
  devise (3.4.1) app/controllers/devise/passwords_controller.rb:13:in `create'
  actionpack (4.2.0) lib/action_controller/metal/implicit_render.rb:4:in `send_action'
  actionpack (4.2.0) lib/abstract_controller/base.rb:198:in `process_action'
  actionpack (4.2.0) lib/action_controller/metal/rendering.rb:10:in `process_action'
  actionpack (4.2.0) lib/abstract_controller/callbacks.rb:20:in `block in process_action'
  activesupport (4.2.0) lib/active_support/callbacks.rb:117:in `call'
  activesupport (4.2.0) lib/active_support/callbacks.rb:151:in `block in halting_and_conditional'
  activesupport (4.2.0) lib/active_support/callbacks.rb:234:in `block in halting'
  activesupport (4.2.0) lib/active_support/callbacks.rb:169:in `block in halting'
  activesupport (4.2.0) lib/active_support/callbacks.rb:169:in `block in halting'
  activesupport (4.2.0) lib/active_support/callbacks.rb:169:in `block in halting'
  activesupport (4.2.0) lib/active_support/callbacks.rb:234:in `block in halting'
  activesupport (4.2.0) lib/active_support/callbacks.rb:169:in `block in halting'
  activesupport (4.2.0) lib/active_support/callbacks.rb:169:in `block in halting'
  activesupport (4.2.0) lib/active_support/callbacks.rb:234:in `block in halting'
  activesupport (4.2.0) lib/active_support/callbacks.rb:169:in `block in halting'
  activesupport (4.2.0) lib/active_support/callbacks.rb:92:in `_run_callbacks'
  activesupport (4.2.0) lib/active_support/callbacks.rb:734:in `_run_process_action_callbacks'
  activesupport (4.2.0) lib/active_support/callbacks.rb:81:in `run_callbacks'
  actionpack (4.2.0) lib/abstract_controller/callbacks.rb:19:in `process_action'
  actionpack (4.2.0) lib/action_controller/metal/rescue.rb:29:in `process_action'
  actionpack (4.2.0) lib/action_controller/metal/instrumentation.rb:31:in `block in process_action'
  activesupport (4.2.0) lib/active_support/notifications.rb:164:in `block in instrument'
  activesupport (4.2.0) lib/active_support/notifications/instrumenter.rb:20:in `instrument'
  activesupport (4.2.0) lib/active_support/notifications.rb:164:in `instrument'
  actionpack (4.2.0) lib/action_controller/metal/instrumentation.rb:30:in `process_action'
  actionpack (4.2.0) lib/action_controller/metal/params_wrapper.rb:250:in `process_action'
  activerecord (4.2.0) lib/active_record/railties/controller_runtime.rb:18:in `process_action'
  actionpack (4.2.0) lib/abstract_controller/base.rb:137:in `process'
  actionview (4.2.0) lib/action_view/rendering.rb:30:in `process'
  actionpack (4.2.0) lib/action_controller/metal.rb:195:in `dispatch'
  actionpack (4.2.0) lib/action_controller/metal/rack_delegation.rb:13:in `dispatch'
  actionpack (4.2.0) lib/action_controller/metal.rb:236:in `block in action'
  actionpack (4.2.0) lib/action_dispatch/routing/route_set.rb:73:in `dispatch'
  actionpack (4.2.0) lib/action_dispatch/routing/route_set.rb:42:in `serve'
  actionpack (4.2.0) lib/action_dispatch/routing/mapper.rb:49:in `serve'
  actionpack (4.2.0) lib/action_dispatch/journey/router.rb:43:in `block in serve'
  actionpack (4.2.0) lib/action_dispatch/journey/router.rb:30:in `serve'
  actionpack (4.2.0) lib/action_dispatch/routing/route_set.rb:802:in `call'
  warden (1.2.3) lib/warden/manager.rb:35:in `block in call'
  warden (1.2.3) lib/warden/manager.rb:34:in `call'
  rack (1.6.0) lib/rack/etag.rb:24:in `call'
  rack (1.6.0) lib/rack/conditionalget.rb:38:in `call'
  rack (1.6.0) lib/rack/head.rb:13:in `call'
  actionpack (4.2.0) lib/action_dispatch/middleware/params_parser.rb:27:in `call'
  actionpack (4.2.0) lib/action_dispatch/middleware/flash.rb:260:in `call'
  rack (1.6.0) lib/rack/session/abstract/id.rb:225:in `context'
  rack (1.6.0) lib/rack/session/abstract/id.rb:220:in `call'
  actionpack (4.2.0) lib/action_dispatch/middleware/cookies.rb:560:in `call'
  activerecord (4.2.0) lib/active_record/query_cache.rb:36:in `call'
  activerecord (4.2.0) lib/active_record/connection_adapters/abstract/connection_pool.rb:647:in `call'
  activerecord (4.2.0) lib/active_record/migration.rb:378:in `call'
  actionpack (4.2.0) lib/action_dispatch/middleware/callbacks.rb:29:in `block in call'
  activesupport (4.2.0) lib/active_support/callbacks.rb:88:in `_run_callbacks'
  activesupport (4.2.0) lib/active_support/callbacks.rb:734:in `_run_call_callbacks'
  activesupport (4.2.0) lib/active_support/callbacks.rb:81:in `run_callbacks'
  actionpack (4.2.0) lib/action_dispatch/middleware/callbacks.rb:27:in `call'
  actionpack (4.2.0) lib/action_dispatch/middleware/reloader.rb:73:in `call'
  actionpack (4.2.0) lib/action_dispatch/middleware/remote_ip.rb:78:in `call'
  better_errors (2.1.0) lib/better_errors/middleware.rb:84:in `protected_app_call'
  better_errors (2.1.0) lib/better_errors/middleware.rb:79:in `better_errors_call'
  better_errors (2.1.0) lib/better_errors/middleware.rb:57:in `call'
  web-console (2.0.0) lib/action_dispatch/debug_exceptions.rb:18:in `middleware_call'
  web-console (2.0.0) lib/action_dispatch/debug_exceptions.rb:13:in `call'
  actionpack (4.2.0) lib/action_dispatch/middleware/show_exceptions.rb:30:in `call'
  railties (4.2.0) lib/rails/rack/logger.rb:38:in `call_app'
  railties (4.2.0) lib/rails/rack/logger.rb:20:in `block in call'
  activesupport (4.2.0) lib/active_support/tagged_logging.rb:68:in `block in tagged'
  activesupport (4.2.0) lib/active_support/tagged_logging.rb:26:in `tagged'
  activesupport (4.2.0) lib/active_support/tagged_logging.rb:68:in `tagged'
  railties (4.2.0) lib/rails/rack/logger.rb:20:in `call'
  quiet_assets (1.1.0) lib/quiet_assets.rb:27:in `call_with_quiet_assets'
  actionpack (4.2.0) lib/action_dispatch/middleware/request_id.rb:21:in `call'
  rack (1.6.0) lib/rack/methodoverride.rb:22:in `call'
  rack (1.6.0) lib/rack/runtime.rb:18:in `call'
  activesupport (4.2.0) lib/active_support/cache/strategy/local_cache_middleware.rb:28:in `call'
  rack (1.6.0) lib/rack/lock.rb:17:in `call'
  actionpack (4.2.0) lib/action_dispatch/middleware/static.rb:113:in `call'
  rack (1.6.0) lib/rack/sendfile.rb:113:in `call'
  railties (4.2.0) lib/rails/engine.rb:518:in `call'
  railties (4.2.0) lib/rails/application.rb:164:in `call'
  rack (1.6.0) lib/rack/lock.rb:17:in `call'
  rack (1.6.0) lib/rack/content_length.rb:15:in `call'
  rack (1.6.0) lib/rack/handler/webrick.rb:89:in `service'
  /usr/lib/ruby/2.1.0/webrick/httpserver.rb:138:in `service'
  /usr/lib/ruby/2.1.0/webrick/httpserver.rb:94:in `run'
  /usr/lib/ruby/2.1.0/webrick/server.rb:295:in `block in start_thread'



Started POST "/__better_errors/9aa8c1e5ad6dc94d/variables" for 127.0.0.1 at 2015-05-30 11:52:46 +0200


Started GET "/users/sign_in" for 127.0.0.1 at 2015-05-30 11:53:23 +0200
Processing by Devise::SessionsController#new as HTML
  Rendered devise/sessions/new.html.erb within layouts/application (12.0ms)
  Rendered layouts/_navigation_links.html.erb (0.6ms)
  Rendered layouts/_navigation.html.erb (1.8ms)
  Rendered layouts/_messages.html.erb (0.1ms)
Completed 200 OK in 159ms (Views: 156.7ms | ActiveRecord: 0.0ms)


Started GET "/users/sign_in" for 127.0.0.1 at 2015-05-30 11:53:24 +0200
Processing by Devise::SessionsController#new as HTML
  Rendered devise/sessions/new.html.erb within layouts/application (14.5ms)
  Rendered layouts/_navigation_links.html.erb (0.4ms)
  Rendered layouts/_navigation.html.erb (1.5ms)
  Rendered layouts/_messages.html.erb (0.1ms)
Completed 200 OK in 140ms (Views: 138.3ms | ActiveRecord: 0.0ms)


Started POST "/users/sign_in" for 127.0.0.1 at 2015-05-30 11:53:32 +0200
Processing by Devise::SessionsController#create as HTML
  Parameters: {"utf8"=>"✓", "authenticity_token"=>"oYgzeiJYsF92S4wHHPzqwogOPHf6LpBHEhFRU2X3G2aJAAi7kGDhnu6ccaLMzQ22KQ1XeO+y/bevyM1kJffvOA==", "user"=>{"email"=>"ddeveloperr@gmail.com", "password"=>"[FILTERED]", "remember_me"=>"0"}, "commit"=>"Sign in"}
  [1m[36mUser Load (0.5ms)[0m  [1mSELECT  "users".* FROM "users" WHERE "users"."email" = ?  ORDER BY "users"."id" ASC LIMIT 1[0m  [["email", "ddeveloperr@gmail.com"]]
  [1m[35m (0.1ms)[0m  begin transaction
  [1m[36mSQL (0.2ms)[0m  [1mUPDATE "users" SET "current_sign_in_at" = ?, "sign_in_count" = ?, "updated_at" = ? WHERE "users"."id" = ?[0m  [["current_sign_in_at", "2015-05-30 09:53:32.305900"], ["sign_in_count", 2], ["updated_at", "2015-05-30 09:53:32.307417"], ["id", 2]]
  [1m[35m (142.9ms)[0m  commit transaction
Redirected to http://localhost:3000/
Completed 302 Found in 217ms (ActiveRecord: 143.8ms)


Started GET "/" for 127.0.0.1 at 2015-05-30 11:53:32 +0200
Processing by VisitorsController#index as HTML
  [1m[36m (0.2ms)[0m  [1mSELECT COUNT(*) FROM "users"[0m
  Rendered visitors/index.html.erb within layouts/application (1.4ms)
  [1m[35mUser Load (0.2ms)[0m  SELECT  "users".* FROM "users" WHERE "users"."id" = ?  ORDER BY "users"."id" ASC LIMIT 1  [["id", 2]]
  Rendered layouts/_navigation_links.html.erb (1.7ms)
  Rendered layouts/_navigation.html.erb (2.6ms)
  Rendered layouts/_messages.html.erb (0.2ms)
Completed 200 OK in 121ms (Views: 120.0ms | ActiveRecord: 0.4ms)


Started GET "/users/edit" for 127.0.0.1 at 2015-05-30 11:53:37 +0200
Processing by Devise::RegistrationsController#edit as HTML
  [1m[36mUser Load (0.2ms)[0m  [1mSELECT  "users".* FROM "users" WHERE "users"."id" = ?  ORDER BY "users"."id" ASC LIMIT 1[0m  [["id", 2]]
  Rendered devise/registrations/edit.html.erb within layouts/application (7.7ms)
  Rendered layouts/_navigation_links.html.erb (0.2ms)
  Rendered layouts/_navigation.html.erb (1.5ms)
  Rendered layouts/_messages.html.erb (0.1ms)
Completed 200 OK in 113ms (Views: 109.7ms | ActiveRecord: 0.2ms)


Started DELETE "/users" for 127.0.0.1 at 2015-05-30 11:53:49 +0200
Processing by Devise::RegistrationsController#destroy as HTML
  Parameters: {"authenticity_token"=>"FAKbVdAmbdvRwDMDnTenMbB6bbUtqnC2F9RdOHGlX39sI5WWIZcz7RPzipIXIUbBmcUsN39JpnmryQeIC0v2Cg=="}
  [1m[35mUser Load (0.2ms)[0m  SELECT  "users".* FROM "users" WHERE "users"."id" = ?  ORDER BY "users"."id" ASC LIMIT 1  [["id", 2]]
  [1m[36m (0.1ms)[0m  [1mbegin transaction[0m
  [1m[35mSQL (0.2ms)[0m  DELETE FROM "users" WHERE "users"."id" = ?  [["id", 2]]
  [1m[36m (102.2ms)[0m  [1mcommit transaction[0m
Redirected to http://localhost:3000/
Completed 302 Found in 108ms (ActiveRecord: 102.7ms)


Started GET "/" for 127.0.0.1 at 2015-05-30 11:53:49 +0200
Processing by VisitorsController#index as HTML
  [1m[35m (0.3ms)[0m  SELECT COUNT(*) FROM "users"
  Rendered visitors/index.html.erb within layouts/application (1.3ms)
  Rendered layouts/_navigation_links.html.erb (0.5ms)
  Rendered layouts/_navigation.html.erb (1.6ms)
  Rendered layouts/_messages.html.erb (0.2ms)
Completed 200 OK in 130ms (Views: 129.3ms | ActiveRecord: 0.3ms)


Started GET "/users" for 127.0.0.1 at 2015-05-30 11:53:51 +0200
Processing by UsersController#index as HTML
Completed 401 Unauthorized in 1ms


Started GET "/users/sign_in" for 127.0.0.1 at 2015-05-30 11:53:51 +0200
Processing by Devise::SessionsController#new as HTML
  Rendered devise/sessions/new.html.erb within layouts/application (9.6ms)
  Rendered layouts/_navigation_links.html.erb (0.4ms)
  Rendered layouts/_navigation.html.erb (1.6ms)
  Rendered layouts/_messages.html.erb (0.3ms)
Completed 200 OK in 129ms (Views: 127.3ms | ActiveRecord: 0.0ms)


Started POST "/users/sign_in" for 127.0.0.1 at 2015-05-30 11:54:02 +0200
Processing by Devise::SessionsController#create as HTML
  Parameters: {"utf8"=>"✓", "authenticity_token"=>"Z/bnouisj2DiJVPM9Hxcwd8Fql1fSXTgr9GM5cjUSK8gQwRi3LR4LV2HRUKhoOG+yHSJ8SrKbd+vQ/AhIcvV/w==", "user"=>{"email"=>"test@me.com", "password"=>"[FILTERED]", "remember_me"=>"0"}, "commit"=>"Sign in"}
  [1m[36mUser Load (0.2ms)[0m  [1mSELECT  "users".* FROM "users" WHERE "users"."email" = ?  ORDER BY "users"."id" ASC LIMIT 1[0m  [["email", "test@me.com"]]
  [1m[35m (0.2ms)[0m  begin transaction
  [1m[36mSQL (0.4ms)[0m  [1mUPDATE "users" SET "current_sign_in_at" = ?, "sign_in_count" = ?, "updated_at" = ? WHERE "users"."id" = ?[0m  [["current_sign_in_at", "2015-05-30 09:54:02.186115"], ["sign_in_count", 2], ["updated_at", "2015-05-30 09:54:02.187804"], ["id", 1]]
  [1m[35m (138.4ms)[0m  commit transaction
Redirected to http://localhost:3000/users
Completed 302 Found in 214ms (ActiveRecord: 139.1ms)


Started GET "/users" for 127.0.0.1 at 2015-05-30 11:54:02 +0200
Processing by UsersController#index as HTML
  [1m[36mUser Load (0.2ms)[0m  [1mSELECT  "users".* FROM "users" WHERE "users"."id" = ?  ORDER BY "users"."id" ASC LIMIT 1[0m  [["id", 1]]
  [1m[35mUser Load (0.2ms)[0m  SELECT "users".* FROM "users"
  Rendered users/_user.html.erb (0.8ms)
  Rendered users/index.html.erb within layouts/application (3.1ms)
  Rendered layouts/_navigation_links.html.erb (0.3ms)
  Rendered layouts/_navigation.html.erb (1.4ms)
  Rendered layouts/_messages.html.erb (0.2ms)
Completed 200 OK in 120ms (Views: 117.8ms | ActiveRecord: 0.4ms)


Started GET "/users" for 127.0.0.1 at 2015-05-30 11:54:10 +0200
Processing by UsersController#index as HTML
  [1m[36mUser Load (0.1ms)[0m  [1mSELECT  "users".* FROM "users" WHERE "users"."id" = ?  ORDER BY "users"."id" ASC LIMIT 1[0m  [["id", 1]]
  [1m[35mUser Load (0.2ms)[0m  SELECT "users".* FROM "users"
  Rendered users/_user.html.erb (0.4ms)
  Rendered users/index.html.erb within layouts/application (1.9ms)
  Rendered layouts/_navigation_links.html.erb (0.3ms)
  Rendered layouts/_navigation.html.erb (1.4ms)
  Rendered layouts/_messages.html.erb (0.1ms)
Completed 200 OK in 115ms (Views: 113.2ms | ActiveRecord: 0.3ms)


Started GET "/" for 127.0.0.1 at 2015-05-30 11:54:12 +0200
Processing by VisitorsController#index as HTML
  [1m[36m (0.2ms)[0m  [1mSELECT COUNT(*) FROM "users"[0m
  Rendered visitors/index.html.erb within layouts/application (1.1ms)
  [1m[35mUser Load (0.1ms)[0m  SELECT  "users".* FROM "users" WHERE "users"."id" = ?  ORDER BY "users"."id" ASC LIMIT 1  [["id", 1]]
  Rendered layouts/_navigation_links.html.erb (1.4ms)
  Rendered layouts/_navigation.html.erb (2.7ms)
  Rendered layouts/_messages.html.erb (0.1ms)
Completed 200 OK in 124ms (Views: 123.4ms | ActiveRecord: 0.3ms)


Started GET "/users" for 127.0.0.1 at 2015-05-30 11:54:14 +0200
Processing by UsersController#index as HTML
  [1m[36mUser Load (0.2ms)[0m  [1mSELECT  "users".* FROM "users" WHERE "users"."id" = ?  ORDER BY "users"."id" ASC LIMIT 1[0m  [["id", 1]]
  [1m[35mUser Load (0.3ms)[0m  SELECT "users".* FROM "users"
  Rendered users/_user.html.erb (0.4ms)
  Rendered users/index.html.erb within layouts/application (2.9ms)
  Rendered layouts/_navigation_links.html.erb (0.2ms)
  Rendered layouts/_navigation.html.erb (1.4ms)
  Rendered layouts/_messages.html.erb (0.1ms)
Completed 200 OK in 141ms (Views: 138.4ms | ActiveRecord: 0.5ms)


Started GET "/users/edit" for 127.0.0.1 at 2015-05-30 11:54:16 +0200
Processing by Devise::RegistrationsController#edit as HTML
  [1m[36mUser Load (0.1ms)[0m  [1mSELECT  "users".* FROM "users" WHERE "users"."id" = ?  ORDER BY "users"."id" ASC LIMIT 1[0m  [["id", 1]]
  Rendered devise/registrations/edit.html.erb within layouts/application (8.9ms)
  Rendered layouts/_navigation_links.html.erb (0.2ms)
  Rendered layouts/_navigation.html.erb (1.5ms)
  Rendered layouts/_messages.html.erb (0.1ms)
Completed 200 OK in 128ms (Views: 125.4ms | ActiveRecord: 0.1ms)


Started DELETE "/users/sign_out" for 127.0.0.1 at 2015-05-30 11:54:18 +0200
Processing by Devise::SessionsController#destroy as HTML
  Parameters: {"authenticity_token"=>"SASvNf4RXKifypEpg253tuaCBrvJNaeUYMnWIqLwvIjAuPtSLTXcSG8NTyV5Z16xGjQcYTSypocsEgirRnrllA=="}
  [1m[35mUser Load (0.1ms)[0m  SELECT  "users".* FROM "users" WHERE "users"."id" = ?  ORDER BY "users"."id" ASC LIMIT 1  [["id", 1]]
  [1m[36m (0.1ms)[0m  [1mbegin transaction[0m
  [1m[35m (0.0ms)[0m  commit transaction
Redirected to http://localhost:3000/
Completed 302 Found in 4ms (ActiveRecord: 0.3ms)


Started GET "/" for 127.0.0.1 at 2015-05-30 11:54:18 +0200
Processing by VisitorsController#index as HTML
  [1m[36m (0.2ms)[0m  [1mSELECT COUNT(*) FROM "users"[0m
  Rendered visitors/index.html.erb within layouts/application (1.2ms)
  Rendered layouts/_navigation_links.html.erb (0.6ms)
  Rendered layouts/_navigation.html.erb (1.9ms)
  Rendered layouts/_messages.html.erb (0.2ms)
Completed 200 OK in 124ms (Views: 123.1ms | ActiveRecord: 0.2ms)


Started GET "/" for 127.0.0.1 at 2015-05-30 11:54:21 +0200
Processing by VisitorsController#index as HTML
  [1m[35m (0.2ms)[0m  SELECT COUNT(*) FROM "users"
  Rendered visitors/index.html.erb within layouts/application (1.4ms)
  Rendered layouts/_navigation_links.html.erb (0.5ms)
  Rendered layouts/_navigation.html.erb (1.8ms)
  Rendered layouts/_messages.html.erb (0.1ms)
Completed 200 OK in 120ms (Views: 119.4ms | ActiveRecord: 0.2ms)


Started GET "/users/edit" for 127.0.0.1 at 2015-05-30 11:54:24 +0200
Processing by Devise::RegistrationsController#edit as HTML
Completed 401 Unauthorized in 1ms


Started GET "/users/sign_in" for 127.0.0.1 at 2015-05-30 11:54:24 +0200
Processing by Devise::SessionsController#new as HTML
  Rendered devise/sessions/new.html.erb within layouts/application (11.7ms)
  Rendered layouts/_navigation_links.html.erb (0.4ms)
  Rendered layouts/_navigation.html.erb (1.7ms)
  Rendered layouts/_messages.html.erb (0.2ms)
Completed 200 OK in 139ms (Views: 137.3ms | ActiveRecord: 0.0ms)


Started GET "/users/sign_up" for 127.0.0.1 at 2015-05-30 11:54:25 +0200
Processing by Devise::RegistrationsController#new as HTML
  Rendered devise/registrations/new.html.erb within layouts/application (21.2ms)
  Rendered layouts/_navigation_links.html.erb (0.5ms)
  Rendered layouts/_navigation.html.erb (1.6ms)
  Rendered layouts/_messages.html.erb (0.1ms)
Completed 200 OK in 159ms (Views: 157.7ms | ActiveRecord: 0.0ms)


Started GET "/" for 127.0.0.1 at 2015-05-30 11:54:28 +0200
Processing by VisitorsController#index as HTML
  [1m[36m (0.2ms)[0m  [1mSELECT COUNT(*) FROM "users"[0m
  Rendered visitors/index.html.erb within layouts/application (1.2ms)
  Rendered layouts/_navigation_links.html.erb (0.5ms)
  Rendered layouts/_navigation.html.erb (1.8ms)
  Rendered layouts/_messages.html.erb (0.1ms)
Completed 200 OK in 127ms (Views: 125.7ms | ActiveRecord: 0.2ms)


Started GET "/users" for 127.0.0.1 at 2015-05-30 11:54:30 +0200
Processing by UsersController#index as HTML
Completed 401 Unauthorized in 2ms


Started GET "/users/sign_in" for 127.0.0.1 at 2015-05-30 11:54:30 +0200
Processing by Devise::SessionsController#new as HTML
  Rendered devise/sessions/new.html.erb within layouts/application (9.7ms)
  Rendered layouts/_navigation_links.html.erb (0.4ms)
  Rendered layouts/_navigation.html.erb (1.6ms)
  Rendered layouts/_messages.html.erb (0.4ms)
Completed 200 OK in 132ms (Views: 130.4ms | ActiveRecord: 0.0ms)


Started GET "/" for 127.0.0.1 at 2015-05-30 12:22:36 +0200
  [1m[36mActiveRecord::SchemaMigration Load (0.1ms)[0m  [1mSELECT "schema_migrations".* FROM "schema_migrations"[0m
Processing by VisitorsController#index as HTML
  [1m[35m (0.1ms)[0m  SELECT COUNT(*) FROM "users"
  Rendered visitors/index.html.erb within layouts/application (3.7ms)
  Rendered layouts/_navigation_links.html.erb (4.3ms)
  Rendered layouts/_navigation.html.erb (5.8ms)
  Rendered layouts/_messages.html.erb (0.6ms)
Completed 200 OK in 323ms (Views: 229.4ms | ActiveRecord: 0.3ms)


Started GET "/" for 127.0.0.1 at 2015-05-30 12:22:37 +0200
Processing by VisitorsController#index as HTML
  [1m[36m (0.1ms)[0m  [1mSELECT COUNT(*) FROM "users"[0m
  Rendered visitors/index.html.erb within layouts/application (1.1ms)
  Rendered layouts/_navigation_links.html.erb (0.5ms)
  Rendered layouts/_navigation.html.erb (1.5ms)
  Rendered layouts/_messages.html.erb (0.1ms)
Completed 200 OK in 150ms (Views: 148.8ms | ActiveRecord: 0.1ms)


Started GET "/users" for 127.0.0.1 at 2015-05-30 12:22:40 +0200
Processing by UsersController#index as HTML
Completed 401 Unauthorized in 1ms


Started GET "/users/sign_in" for 127.0.0.1 at 2015-05-30 12:22:40 +0200
Processing by Devise::SessionsController#new as HTML
  Rendered devise/sessions/new.html.erb within layouts/application (25.3ms)
  Rendered layouts/_navigation_links.html.erb (0.4ms)
  Rendered layouts/_navigation.html.erb (1.4ms)
  Rendered layouts/_messages.html.erb (0.1ms)
Completed 200 OK in 157ms (Views: 145.4ms | ActiveRecord: 0.6ms)


Started GET "/users/sign_in" for 127.0.0.1 at 2015-05-30 12:22:44 +0200
Processing by Devise::SessionsController#new as HTML
  Rendered devise/sessions/new.html.erb within layouts/application (20.5ms)
  Rendered layouts/_navigation_links.html.erb (0.4ms)
  Rendered layouts/_navigation.html.erb (1.5ms)
  Rendered layouts/_messages.html.erb (0.1ms)
Completed 200 OK in 144ms (Views: 142.5ms | ActiveRecord: 0.0ms)


Started POST "/users/sign_in" for 127.0.0.1 at 2015-05-30 12:22:52 +0200
Processing by Devise::SessionsController#create as HTML
  Parameters: {"utf8"=>"✓", "authenticity_token"=>"6lp46he1k4LItoiRHwRmryN0SZ7JyH0W7HJQI9WkW8qJ92Tqj8SjQ9QbFdlnOL1pRAk2VUmMOoRA6/UEE65k/w==", "user"=>{"email"=>"ddeveloperr@gmail.com", "password"=>"[FILTERED]", "remember_me"=>"0"}, "commit"=>"Sign in"}
  [1m[35mUser Load (0.5ms)[0m  SELECT  "users".* FROM "users" WHERE "users"."email" = ?  ORDER BY "users"."id" ASC LIMIT 1  [["email", "ddeveloperr@gmail.com"]]
Completed 401 Unauthorized in 14ms
Processing by Devise::SessionsController#new as HTML
  Parameters: {"utf8"=>"✓", "authenticity_token"=>"6lp46he1k4LItoiRHwRmryN0SZ7JyH0W7HJQI9WkW8qJ92Tqj8SjQ9QbFdlnOL1pRAk2VUmMOoRA6/UEE65k/w==", "user"=>{"email"=>"ddeveloperr@gmail.com", "password"=>"[FILTERED]", "remember_me"=>"0"}, "commit"=>"Sign in"}
  Rendered devise/sessions/new.html.erb within layouts/application (9.8ms)
  Rendered layouts/_navigation_links.html.erb (0.3ms)
  Rendered layouts/_navigation.html.erb (1.3ms)
  Rendered layouts/_messages.html.erb (0.1ms)
Completed 200 OK in 202ms (Views: 142.8ms | ActiveRecord: 0.0ms)


Started POST "/users/sign_in" for 127.0.0.1 at 2015-05-30 12:23:04 +0200
Processing by Devise::SessionsController#create as HTML
  Parameters: {"utf8"=>"✓", "authenticity_token"=>"ohGotb4w7qUvN5Hc5+lMfovUnTCylnqxYz6wUWEg0AfBvLS1JkHeZDOaDJSf1Ze47Kni+zLSPSPPpxV2pyrvMg==", "user"=>{"email"=>"test@me.com", "password"=>"[FILTERED]", "remember_me"=>"0"}, "commit"=>"Sign in"}
  [1m[36mUser Load (0.1ms)[0m  [1mSELECT  "users".* FROM "users" WHERE "users"."email" = ?  ORDER BY "users"."id" ASC LIMIT 1[0m  [["email", "test@me.com"]]
  [1m[35m (0.1ms)[0m  begin transaction
  [1m[36mSQL (0.3ms)[0m  [1mUPDATE "users" SET "last_sign_in_at" = ?, "current_sign_in_at" = ?, "sign_in_count" = ?, "updated_at" = ? WHERE "users"."id" = ?[0m  [["last_sign_in_at", "2015-05-30 09:54:02.186115"], ["current_sign_in_at", "2015-05-30 10:23:04.353578"], ["sign_in_count", 3], ["updated_at", "2015-05-30 10:23:04.355176"], ["id", 1]]
  [1m[35m (86.3ms)[0m  commit transaction
Redirected to http://localhost:3000/users
Completed 302 Found in 166ms (ActiveRecord: 86.8ms)


Started GET "/users" for 127.0.0.1 at 2015-05-30 12:23:04 +0200
Processing by UsersController#index as HTML
  [1m[36mUser Load (0.2ms)[0m  [1mSELECT  "users".* FROM "users" WHERE "users"."id" = ?  ORDER BY "users"."id" ASC LIMIT 1[0m  [["id", 1]]
  [1m[35mUser Load (0.3ms)[0m  SELECT "users".* FROM "users"
  Rendered users/_user.html.erb (0.9ms)
  Rendered users/index.html.erb within layouts/application (3.6ms)
  Rendered layouts/_navigation_links.html.erb (0.3ms)
  Rendered layouts/_navigation.html.erb (1.2ms)
  Rendered layouts/_messages.html.erb (0.1ms)
Completed 200 OK in 128ms (Views: 125.2ms | ActiveRecord: 0.5ms)


Started GET "/" for 127.0.0.1 at 2015-05-30 12:38:04 +0200
Processing by VisitorsController#index as HTML
  [1m[36m (0.3ms)[0m  [1mSELECT COUNT(*) FROM "users"[0m
  Rendered visitors/index.html.erb within layouts/application (1.8ms)
  [1m[35mUser Load (0.1ms)[0m  SELECT  "users".* FROM "users" WHERE "users"."id" = ?  ORDER BY "users"."id" ASC LIMIT 1  [["id", 1]]
  Rendered layouts/_navigation_links.html.erb (2.0ms)
  Rendered layouts/_navigation.html.erb (3.1ms)
  Rendered layouts/_messages.html.erb (0.1ms)
Completed 200 OK in 128ms (Views: 126.7ms | ActiveRecord: 0.4ms)
